This is pdfTeX, Version 3.1415926-2.4-1.40.13 (TeX Live 2012) (format=pdflatex 2012.6.30)  2 JUL 2015 01:06
entering extended mode
 restricted \write18 enabled.
 %&-line parsing enabled.
**mn2eCSTEP
(./mn2eCSTEP.tex
LaTeX2e <2011/06/27>
Babel <v3.8m> and hyphenation patterns for english, dumylang, nohyphenation, ge
rman-x-2012-05-30, ngerman-x-2012-05-30, afrikaans, ancientgreek, ibycus, arabi
c, armenian, basque, bulgarian, catalan, pinyin, coptic, croatian, czech, danis
h, dutch, ukenglish, usenglishmax, esperanto, estonian, ethiopic, farsi, finnis
h, french, friulan, galician, german, ngerman, swissgerman, monogreek, greek, h
ungarian, icelandic, assamese, bengali, gujarati, hindi, kannada, malayalam, ma
rathi, oriya, panjabi, tamil, telugu, indonesian, interlingua, irish, italian, 
kurmanji, latin, latvian, lithuanian, mongolian, mongolianlmc, bokmal, nynorsk,
 polish, portuguese, romanian, romansh, russian, sanskrit, serbian, serbianc, s
lovak, slovenian, spanish, swedish, turkish, turkmen, ukrainian, uppersorbian, 
welsh, loaded.
(./mn2e.cls
Document Class: mn2e 2001/02/06 v2.2 LaTeX2e MN document class
Document Style `MN' v2.2, released 2001 February 20
\math@groups=\toks14
LaTeX Font Info:    Overwriting symbol font `symbols' in version `bold'
(Font)                  OMS/cmsy/b/n --> OMS/cmsy/b/n on input line 223.
\symbmisymbols=\mathgroup4
\symUPM=\mathgroup5
LaTeX Font Info:    Overwriting symbol font `UPM' in version `bold'
(Font)                  U/eur/m/n --> U/eur/b/n on input line 260.
\symAMSa=\mathgroup6
\SFB@measure=\dimen102
\realparindent=\skip41
\c@part=\count79
\c@section=\count80
\c@subsection=\count81
\c@subsubsection=\count82
\c@paragraph=\count83
\c@subparagraph=\count84
\@indentskip=\skip42
\smallindent=\skip43
\@footindent=\skip44
\@leftskip=\skip45
\c@dummy=\count85
(/usr/local/texlive/2012/texmf-dist/tex/latex/natbib/natbib.sty
Package: natbib 2010/09/13 8.31b (PWD, AO)
\bibhang=\skip46
\bibsep=\skip47
LaTeX Info: Redefining \cite on input line 694.
\c@NAT@ctr=\count86
)
\c@table=\count87
\c@figure=\count88
\mathindent=\dimen103
)
(/usr/local/texlive/2012/texmf-dist/tex/latex/graphics/graphicx.sty
Package: graphicx 1999/02/16 v1.0f Enhanced LaTeX Graphics (DPC,SPQR)

(/usr/local/texlive/2012/texmf-dist/tex/latex/graphics/keyval.sty
Package: keyval 1999/03/16 v1.13 key=value parser (DPC)
\KV@toks@=\toks15
)
(/usr/local/texlive/2012/texmf-dist/tex/latex/graphics/graphics.sty
Package: graphics 2009/02/05 v1.0o Standard LaTeX Graphics (DPC,SPQR)

(/usr/local/texlive/2012/texmf-dist/tex/latex/graphics/trig.sty
Package: trig 1999/03/16 v1.09 sin cos tan (DPC)
)
(/usr/local/texlive/2012/texmf-dist/tex/latex/latexconfig/graphics.cfg
File: graphics.cfg 2010/04/23 v1.9 graphics configuration of TeX Live
)
Package graphics Info: Driver file: pdftex.def on input line 91.

(/usr/local/texlive/2012/texmf-dist/tex/latex/pdftex-def/pdftex.def
File: pdftex.def 2011/05/27 v0.06d Graphics/color for pdfTeX

(/usr/local/texlive/2012/texmf-dist/tex/generic/oberdiek/infwarerr.sty
Package: infwarerr 2010/04/08 v1.3 Providing info/warning/error messages (HO)
)
(/usr/local/texlive/2012/texmf-dist/tex/generic/oberdiek/ltxcmds.sty
Package: ltxcmds 2011/11/09 v1.22 LaTeX kernel commands for general use (HO)
)
\Gread@gobject=\count89
))
\Gin@req@height=\dimen104
\Gin@req@width=\dimen105
)
(/usr/local/texlive/2012/texmf-dist/tex/latex/mh/mathtools.sty
Package: mathtools 2012/04/24 v1.12 mathematical typesetting tools

(/usr/local/texlive/2012/texmf-dist/tex/latex/tools/calc.sty
Package: calc 2007/08/22 v4.3 Infix arithmetic (KKT,FJ)
\calc@Acount=\count90
\calc@Bcount=\count91
\calc@Adimen=\dimen106
\calc@Bdimen=\dimen107
\calc@Askip=\skip48
\calc@Bskip=\skip49
LaTeX Info: Redefining \setlength on input line 76.
LaTeX Info: Redefining \addtolength on input line 77.
\calc@Ccount=\count92
\calc@Cskip=\skip50
)
(/usr/local/texlive/2012/texmf-dist/tex/latex/mh/mhsetup.sty
Package: mhsetup 2010/01/21 v1.2a programming setup (MH)
)
(/usr/local/texlive/2012/texmf-dist/tex/latex/amsmath/amsmath.sty
Package: amsmath 2000/07/18 v2.13 AMS math features
\@mathmargin=\skip51

For additional information on amsmath, use the `?' option.
(/usr/local/texlive/2012/texmf-dist/tex/latex/amsmath/amstext.sty
Package: amstext 2000/06/29 v2.01

(/usr/local/texlive/2012/texmf-dist/tex/latex/amsmath/amsgen.sty
File: amsgen.sty 1999/11/30 v2.0
\@emptytoks=\toks16
\ex@=\dimen108
))
(/usr/local/texlive/2012/texmf-dist/tex/latex/amsmath/amsbsy.sty
Package: amsbsy 1999/11/29 v1.2d
\pmbraise@=\dimen109
)
(/usr/local/texlive/2012/texmf-dist/tex/latex/amsmath/amsopn.sty
Package: amsopn 1999/12/14 v2.01 operator names
)
\inf@bad=\count93
LaTeX Info: Redefining \frac on input line 211.
\uproot@=\count94
\leftroot@=\count95
LaTeX Info: Redefining \overline on input line 307.
\classnum@=\count96
\DOTSCASE@=\count97
LaTeX Info: Redefining \ldots on input line 379.
LaTeX Info: Redefining \dots on input line 382.
LaTeX Info: Redefining \cdots on input line 467.
\Mathstrutbox@=\box26
\strutbox@=\box27
\big@size=\dimen110
LaTeX Font Info:    Redeclaring font encoding OML on input line 567.
LaTeX Font Info:    Redeclaring font encoding OMS on input line 568.
\macc@depth=\count98
\c@MaxMatrixCols=\count99
\dotsspace@=\muskip10
\c@parentequation=\count100
\dspbrk@lvl=\count101
\tag@help=\toks17
\row@=\count102
\column@=\count103
\maxfields@=\count104
\andhelp@=\toks18
\eqnshift@=\dimen111
\alignsep@=\dimen112
\tagshift@=\dimen113
\tagwidth@=\dimen114
\totwidth@=\dimen115
\lineht@=\dimen116
\@envbody=\toks19
\multlinegap=\skip52
\multlinetaggap=\skip53
\mathdisplay@stack=\toks20
LaTeX Info: Redefining \[ on input line 2666.
LaTeX Info: Redefining \] on input line 2667.
)
\g_MT_multlinerow_int=\count105
\l_MT_multwidth_dim=\dimen117
\origjot=\skip54
\l_MT_shortvdotswithinadjustabove_dim=\dimen118
\l_MT_shortvdotswithinadjustbelow_dim=\dimen119
\l_MT_above_intertext_dim=\dimen120
\l_MT_below_intertext_dim=\dimen121
\l_MT_above_shortintertext_dim=\dimen122
\l_MT_below_shortintertext_dim=\dimen123
)
(./mn2eCSTEP.aux)
\openout1 = `mn2eCSTEP.aux'.

LaTeX Font Info:    Checking defaults for OML/cmm/m/it on input line 34.
LaTeX Font Info:    ... okay on input line 34.
LaTeX Font Info:    Checking defaults for T1/cmr/m/n on input line 34.
LaTeX Font Info:    ... okay on input line 34.
LaTeX Font Info:    Checking defaults for OT1/cmr/m/n on input line 34.
LaTeX Font Info:    ... okay on input line 34.
LaTeX Font Info:    Checking defaults for OMS/cmsy/m/n on input line 34.
LaTeX Font Info:    ... okay on input line 34.
LaTeX Font Info:    Checking defaults for OMX/cmex/m/n on input line 34.
LaTeX Font Info:    ... okay on input line 34.
LaTeX Font Info:    Checking defaults for U/cmr/m/n on input line 34.
LaTeX Font Info:    ... okay on input line 34.

(/usr/local/texlive/2012/texmf-dist/tex/context/base/supp-pdf.mkii
[Loading MPS to PDF converter (version 2006.09.02).]
\scratchcounter=\count106
\scratchdimen=\dimen124
\scratchbox=\box28
\nofMPsegments=\count107
\nofMParguments=\count108
\everyMPshowfont=\toks21
\MPscratchCnt=\count109
\MPscratchDim=\dimen125
\MPnumerator=\count110
\makeMPintoPDFobject=\count111
\everyMPtoPDFconversion=\toks22
) (/usr/local/texlive/2012/texmf-dist/tex/generic/oberdiek/pdftexcmds.sty
Package: pdftexcmds 2011/11/29 v0.20 Utility functions of pdfTeX for LuaTeX (HO
)

(/usr/local/texlive/2012/texmf-dist/tex/generic/oberdiek/ifluatex.sty
Package: ifluatex 2010/03/01 v1.3 Provides the ifluatex switch (HO)
Package ifluatex Info: LuaTeX not detected.
)
(/usr/local/texlive/2012/texmf-dist/tex/generic/oberdiek/ifpdf.sty
Package: ifpdf 2011/01/30 v2.3 Provides the ifpdf switch (HO)
Package ifpdf Info: pdfTeX in PDF mode is detected.
)
Package pdftexcmds Info: LuaTeX not detected.
Package pdftexcmds Info: \pdf@primitive is available.
Package pdftexcmds Info: \pdf@ifprimitive is available.
Package pdftexcmds Info: \pdfdraftmode found.
)
(/usr/local/texlive/2012/texmf-dist/tex/latex/oberdiek/epstopdf-base.sty
Package: epstopdf-base 2010/02/09 v2.5 Base part for package epstopdf

(/usr/local/texlive/2012/texmf-dist/tex/latex/oberdiek/grfext.sty
Package: grfext 2010/08/19 v1.1 Manage graphics extensions (HO)

(/usr/local/texlive/2012/texmf-dist/tex/generic/oberdiek/kvdefinekeys.sty
Package: kvdefinekeys 2011/04/07 v1.3 Define keys (HO)
))
(/usr/local/texlive/2012/texmf-dist/tex/latex/oberdiek/kvoptions.sty
Package: kvoptions 2011/06/30 v3.11 Key value format for package options (HO)

(/usr/local/texlive/2012/texmf-dist/tex/generic/oberdiek/kvsetkeys.sty
Package: kvsetkeys 2012/04/25 v1.16 Key value parser (HO)

(/usr/local/texlive/2012/texmf-dist/tex/generic/oberdiek/etexcmds.sty
Package: etexcmds 2011/02/16 v1.5 Avoid name clashes with e-TeX commands (HO)
Package etexcmds Info: Could not find \expanded.
(etexcmds)             That can mean that you are not using pdfTeX 1.50 or
(etexcmds)             that some package has redefined \expanded.
(etexcmds)             In the latter case, load this package earlier.
)))
Package grfext Info: Graphics extension search list:
(grfext)             [.png,.pdf,.jpg,.mps,.jpeg,.jbig2,.jb2,.PNG,.PDF,.JPG,.JPE
G,.JBIG2,.JB2,.eps]
(grfext)             \AppendGraphicsExtensions on input line 452.

(/usr/local/texlive/2012/texmf-dist/tex/latex/latexconfig/epstopdf-sys.cfg
File: epstopdf-sys.cfg 2010/07/13 v1.3 Configuration of (r)epstopdf for TeX Liv
e
))
LaTeX Font Info:    Try loading font information for U+eur on input line 40.

(/usr/local/texlive/2012/texmf-dist/tex/latex/amsfonts/ueur.fd
File: ueur.fd 2009/06/22 v3.00 Euler Roman
)
LaTeX Font Info:    Try loading font information for U+msa on input line 40.

(/usr/local/texlive/2012/texmf-dist/tex/latex/amsfonts/umsa.fd
File: umsa.fd 2009/06/22 v3.00 AMS symbols A
)
Underfull \hbox (badness 10000) in paragraph at lines 62--62
$[]$ []\OT1/cmr/m/n/8 E-mail: email@address (AVR); oth-ere-mail@otheraddress
 []


Underfull \hbox (badness 1072) in paragraph at lines 67--80
\OT1/cmr/m/n/9 ti-cal sur-veys such as the Dark En-ergy Sur-vey (DES)
 []


Underfull \vbox (badness 10000) has occurred while \output is active []

LaTeX Font Info:    Try loading font information for OMS+cmr on input line 113.


(/usr/local/texlive/2012/texmf-dist/tex/latex/base/omscmr.fd
File: omscmr.fd 1999/05/25 v2.5h Standard LaTeX font definitions
)
LaTeX Font Info:    Font shape `OMS/cmr/m/n' in size <8> not available
(Font)              Font shape `OMS/cmsy/m/n' tried instead on input line 113.
 [1{/usr/local/texlive/2012/texmf-var/fonts/map/pdftex/updmap/pdftex.map}


]
Underfull \hbox (badness 10000) in paragraph at lines 167--169

 []

<fig/fitplt.pdf, id=22, 578.16pt x 433.62pt>
File: fig/fitplt.pdf Graphic file (type pdf)
 <use fig/fitplt.pdf>
Package pdftex.def Info: fig/fitplt.pdf used on input line 172.
(pdftex.def)             Requested size: 226.79846pt x 170.09697pt.
 (./sims.tex
<fig/Out_hist_v2_truth.pdf, id=23, 578.16pt x 433.62pt>
File: fig/Out_hist_v2_truth.pdf Graphic file (type pdf)

<use fig/Out_hist_v2_truth.pdf>
Package pdftex.def Info: fig/Out_hist_v2_truth.pdf used on input line 3.
(pdftex.def)             Requested size: 226.79846pt x 170.09697pt.
) [2 <./fig/fitplt.pdf> <./fig/Out_hist_v2_truth.pdf>] (./smp_sec.tex
Underfull \hbox (badness 10000) in paragraph at lines 1--10

 []


Underfull \hbox (badness 1231) in paragraph at lines 44--48
\OT1/cmr/m/n/9 poly-no-mial func-tions, com-monly known as \OT1/cmr/m/sc/9 shap
elets\OT1/cmr/m/n/9 .
 []

[3])
Underfull \hbox (badness 1082) in paragraph at lines 192--208
\OT1/cmr/m/n/9 In this sec-tion we eval-u-ate the per-for-mance of shape
 []


Underfull \hbox (badness 10000) in paragraph at lines 192--208

 []

(./snr_sec.tex <fig/SNR_mfix.pdf, id=110, 578.16pt x 433.62pt>
File: fig/SNR_mfix.pdf Graphic file (type pdf)

<use fig/SNR_mfix.pdf>
Package pdftex.def Info: fig/SNR_mfix.pdf used on input line 3.
(pdftex.def)             Requested size: 252.0pt x 189.00032pt.

Overfull \hbox (12.0pt too wide) in paragraph at lines 3--6
 [][] 
 []

<fig/MvalSNR_v2.pdf, id=111, 578.16pt x 433.62pt>
File: fig/MvalSNR_v2.pdf Graphic file (type pdf)
 <use fig/MvalSNR_v2.pdf>
Package pdftex.def Info: fig/MvalSNR_v2.pdf used on input line 36.
(pdftex.def)             Requested size: 252.0pt x 189.00032pt.

Overfull \hbox (12.0pt too wide) in paragraph at lines 36--39
 [][] 
 []

) (./avgres.tex <fig/QMC_main_f.pdf, id=112, 578.16pt x 433.62pt>
File: fig/QMC_main_f.pdf Graphic file (type pdf)

<use fig/QMC_main_f.pdf>
Package pdftex.def Info: fig/QMC_main_f.pdf used on input line 23.
(pdftex.def)             Requested size: 226.79846pt x 170.09697pt.
 <fig/MC_main_f.pdf, id=113, 578.16pt x 433.62pt>
File: fig/MC_main_f.pdf Graphic file (type pdf)

<use fig/MC_main_f.pdf>
Package pdftex.def Info: fig/MC_main_f.pdf used on input line 24.
(pdftex.def)             Requested size: 226.79846pt x 170.09697pt.
 [4 <./fig/SNR_mfix.pdf>]) (./quadratic_bias.tex)
(./seleff.tex

LaTeX Warning: Reference `table:QMC_sel' on page 5 undefined on input line 29.


LaTeX Warning: Reference `table:MC_sel' on page 5 undefined on input line 29.

<fig/QMC_main_sel_f.pdf, id=151, 578.16pt x 433.62pt>
File: fig/QMC_main_sel_f.pdf Graphic file (type pdf)

<use fig/QMC_main_sel_f.pdf>
Package pdftex.def Info: fig/QMC_main_sel_f.pdf used on input line 65.
(pdftex.def)             Requested size: 252.0pt x 189.00032pt.

Overfull \hbox (12.0pt too wide) in paragraph at lines 65--65
 [][] 
 []

<fig/MC_main_sel_f.pdf, id=152, 578.16pt x 433.62pt>
File: fig/MC_main_sel_f.pdf Graphic file (type pdf)

<use fig/MC_main_sel_f.pdf>
Package pdftex.def Info: fig/MC_main_sel_f.pdf used on input line 66.
(pdftex.def)             Requested size: 252.0pt x 189.00032pt.

Overfull \hbox (12.0pt too wide) in paragraph at lines 66--70
 [][] 
 []

) (./smb_sec.tex [5 <./fig/MvalSNR_v2.pdf> <./fig/QMC_main_f.pdf> <./fig/MC_mai
n_f.pdf>]
Underfull \vbox (badness 10000) has occurred while \output is active []


<fig/Mvalred_mfix.pdf, id=265, 578.16pt x 433.62pt>
File: fig/Mvalred_mfix.pdf Graphic file (type pdf)
 <use fig/Mvalred_mfix.pdf>
Package pdftex.def Info: fig/Mvalred_mfix.pdf used on input line 16.
(pdftex.def)             Requested size: 226.79846pt x 170.09697pt.

Underfull \hbox (badness 1831) in paragraph at lines 18--18
[]\OT1/cmr/bx/n/8 Figure 7. \OT1/cmr/m/n/8 Mul-ti-plica-tive shape mea-sure-men
t bias (M) of
 []

)
Underfull \hbox (badness 1303) in paragraph at lines 226--241
\OT1/cmr/m/n/9 and bet-ter see-ing, the con-straints on cos-mol-ogy from
 []


Underfull \hbox (badness 10000) in paragraph at lines 226--241

 []

[6 <./fig/QMC_main_sel_f.pdf> <./fig/MC_main_sel_f.pdf> <./fig/Mvalred_mfix.pdf
>] (./stat_sec_n.tex

LaTeX Warning: Reference `table:NWF_1_b' on page 7 undefined on input line 31.


Overfull \hbox (17.80739pt too wide) detected at line 50
\OT1/cmr/m/n/9 ^^A[](M[]) = 6\OML/cmm/m/it/9 :\OT1/cmr/m/n/9 0 \OMS/cmsy/m/n/9 
^^C \OT1/cmr/m/n/9 10[] [][] [][] [][] [][]
 []


Package amsmath Warning: Foreign command \over;
(amsmath)                \frac or \genfrac should be used instead
(amsmath)                 on input line 54.

<fig/Halo_N.pdf, id=384, 578.16pt x 433.62pt>
File: fig/Halo_N.pdf Graphic file (type pdf)
 <use fig/Halo_N.pdf>
Package pdftex.def Info: fig/Halo_N.pdf used on input line 61.
(pdftex.def)             Requested size: 277.20154pt x 207.89703pt.

Overfull \hbox (37.20154pt too wide) in paragraph at lines 61--62
 [][] 
 []

) (./mse_sec_n.tex [7 <./fig/Halo_N.pdf>]
<fig/M_NFW_1.pdf, id=429, 867.24pt x 578.16pt>
File: fig/M_NFW_1.pdf Graphic file (type pdf)
 <use fig/M_NFW_1.pdf>
Package pdftex.def Info: fig/M_NFW_1.pdf used on input line 32.
(pdftex.def)             Requested size: 478.79846pt x 319.19759pt.
)
Underfull \hbox (badness 10000) in paragraph at lines 276--281

 []


Underfull \hbox (badness 10000) in paragraph at lines 282--288

 []


Underfull \hbox (badness 2435) in paragraph at lines 289--297
[]\OT1/cmr/m/n/9 The re-sults on the sim-u-la-tions showed that the
 []


Underfull \hbox (badness 10000) in paragraph at lines 289--297

 []


Underfull \hbox (badness 10000) in paragraph at lines 298--302

 []


Underfull \hbox (badness 10000) in paragraph at lines 303--311

 []

(./mn2eCSTEP.bbl

LaTeX Warning: Reference `@' on page 8 undefined on input line 6.


Underfull \hbox (badness 3849) in paragraph at lines 6--7
[]\OT1/cmr/m/n/9 Allen S. W., Evrard A. E., Mantz A. B., 2011,
 []

) [8]
Underfull \vbox (badness 10000) has occurred while \output is active []

 [9 <./fig/M_NFW_1.pdf>] (./pipe_sec.tex [10

]
Underfull \hbox (badness 10000) in paragraph at lines 3--7

 []


Underfull \hbox (badness 10000) in paragraph at lines 9--16

 []


Underfull \hbox (badness 10000) in paragraph at lines 18--25

 []


Underfull \hbox (badness 10000) in paragraph at lines 27--33

 []


Underfull \hbox (badness 10000) in paragraph at lines 47--56

 []

) (./stata_sec.tex <fig/M_NFW_2.pdf, id=495, 867.24pt x 578.16pt>
File: fig/M_NFW_2.pdf Graphic file (type pdf)

<use fig/M_NFW_2.pdf>
Package pdftex.def Info: fig/M_NFW_2.pdf used on input line 7.
(pdftex.def)             Requested size: 277.20154pt x 184.80325pt.
 <fig/M_NFW_3.pdf, id=496, 867.24pt x 578.16pt>
File: fig/M_NFW_3.pdf Graphic file (type pdf)

<use fig/M_NFW_3.pdf>
Package pdftex.def Info: fig/M_NFW_3.pdf used on input line 8.
(pdftex.def)             Requested size: 277.20154pt x 184.80325pt.
 <fig/M_NFW_4.pdf, id=497, 867.24pt x 578.16pt>
File: fig/M_NFW_4.pdf Graphic file (type pdf)

<use fig/M_NFW_4.pdf>
Package pdftex.def Info: fig/M_NFW_4.pdf used on input line 9.
(pdftex.def)             Requested size: 277.20154pt x 184.80325pt.
 [11]) [12 <./fig/M_NFW_2.pdf> <./fig/M_NFW_3.pdf> <./fig/M_NFW_4.pdf>]
Underfull \vbox (badness 10000) has occurred while \output is active []

 [13]
(./mn2eCSTEP.aux)

LaTeX Warning: There were undefined references.

 ) 
Here is how much of TeX's memory you used:
 3517 strings out of 493488
 47960 string characters out of 3141326
 131628 words of memory out of 3000000
 6722 multiletter control sequences out of 15000+200000
 18053 words of font info for 64 fonts, out of 3000000 for 9000
 957 hyphenation exceptions out of 8191
 38i,14n,34p,1676b,295s stack positions out of 5000i,500n,10000p,200000b,50000s
</usr/local/texlive/2012/texmf-dist/fonts/type1/public/amsfonts/cm/cmbx10.pfb
></usr/local/texlive/2012/texmf-dist/fonts/type1/public/amsfonts/cm/cmbx12.pfb>
</usr/local/texlive/2012/texmf-dist/fonts/type1/public/amsfonts/cm/cmbx8.pfb></
usr/local/texlive/2012/texmf-dist/fonts/type1/public/amsfonts/cm/cmbx9.pfb></us
r/local/texlive/2012/texmf-dist/fonts/type1/public/amsfonts/cm/cmcsc10.pfb></us
r/local/texlive/2012/texmf-dist/fonts/type1/public/amsfonts/cmextra/cmex9.pfb><
/usr/local/texlive/2012/texmf-dist/fonts/type1/public/amsfonts/cm/cmmi10.pfb></
usr/local/texlive/2012/texmf-dist/fonts/type1/public/amsfonts/cm/cmmi6.pfb></us
r/local/texlive/2012/texmf-dist/fonts/type1/public/amsfonts/cm/cmmi8.pfb></usr/
local/texlive/2012/texmf-dist/fonts/type1/public/amsfonts/cm/cmmi9.pfb></usr/lo
cal/texlive/2012/texmf-dist/fonts/type1/public/amsfonts/cm/cmr10.pfb></usr/loca
l/texlive/2012/texmf-dist/fonts/type1/public/amsfonts/cm/cmr12.pfb></usr/local/
texlive/2012/texmf-dist/fonts/type1/public/amsfonts/cm/cmr5.pfb></usr/local/tex
live/2012/texmf-dist/fonts/type1/public/amsfonts/cm/cmr6.pfb></usr/local/texliv
e/2012/texmf-dist/fonts/type1/public/amsfonts/cm/cmr8.pfb></usr/local/texlive/2
012/texmf-dist/fonts/type1/public/amsfonts/cm/cmr9.pfb></usr/local/texlive/2012
/texmf-dist/fonts/type1/public/amsfonts/cm/cmsy6.pfb></usr/local/texlive/2012/t
exmf-dist/fonts/type1/public/amsfonts/cm/cmsy8.pfb></usr/local/texlive/2012/tex
mf-dist/fonts/type1/public/amsfonts/cm/cmsy9.pfb></usr/local/texlive/2012/texmf
-dist/fonts/type1/public/amsfonts/cm/cmti12.pfb></usr/local/texlive/2012/texmf-
dist/fonts/type1/public/amsfonts/cm/cmti8.pfb></usr/local/texlive/2012/texmf-di
st/fonts/type1/public/amsfonts/symbols/msam10.pfb>
Output written on mn2eCSTEP.pdf (13 pages, 490498 bytes).
PDF statistics:
 746 PDF objects out of 1000 (max. 8388607)
 279 compressed objects within 3 object streams
 0 named destinations out of 1000 (max. 500000)
 71 words of extra memory for PDF output out of 10000 (max. 10000000)

